[2019-01-06 16:35:57] local.ERROR: could not find driver {"exception":"[object] (Doctrine\\DBAL\\Driver\\PDOException(code: 0): could not find driver at /mnt/d/Projects/Sipos/vendor/doctrine/dbal/lib/Doctrine/DBAL/Driver/PDOConnection.php:31, PDOException(code: 0): could not find driver at /mnt/d/Projects/Sipos/vendor/doctrine/dbal/lib/Doctrine/DBAL/Driver/PDOConnection.php:27)
[stacktrace]
#0 /mnt/d/Projects/Sipos/vendor/laravel/framework/src/Illuminate/Database/Connectors/Connector.php(67): Doctrine\\DBAL\\Driver\\PDOConnection->__construct('mysql:host=127....', 'root', '', Array)
#1 /mnt/d/Projects/Sipos/vendor/laravel/framework/src/Illuminate/Database/Connectors/Connector.php(46): Illuminate\\Database\\Connectors\\Connector->createPdoConnection('mysql:host=127....', 'root', '', Array)
#2 /mnt/d/Projects/Sipos/vendor/laravel/framework/src/Illuminate/Database/Connectors/MySqlConnector.php(24): Illuminate\\Database\\Connectors\\Connector->createConnection('mysql:host=127....', Array, Array)
#3 /mnt/d/Projects/Sipos/vendor/laravel/framework/src/Illuminate/Database/Connectors/ConnectionFactory.php(182): Illuminate\\Database\\Connectors\\MySqlConnector->connect(Array)
#4 [internal function]: Illuminate\\Database\\Connectors\\ConnectionFactory->Illuminate\\Database\\Connectors\\{closure}()
#5 /mnt/d/Projects/Sipos/vendor/laravel/framework/src/Illuminate/Database/Connection.php(916): call_user_func(Object(Closure))
#6 /mnt/d/Projects/Sipos/vendor/laravel/framework/src/Illuminate/Database/Connection.php(899): Illuminate\\Database\\Connection->getPdo()
#7 /mnt/d/Projects/Sipos/vendor/laravel/framework/src/Illuminate/Database/Connection.php(885): Illuminate\\Database\\Connection->getDoctrineConnection()
#8 /mnt/d/Projects/Sipos/vendor/krlove/eloquent-model-generator/src/Processor/ExistenceCheckerProcessor.php(35): Illuminate\\Database\\Connection->getDoctrineSchemaManager()
#9 /mnt/d/Projects/Sipos/vendor/krlove/eloquent-model-generator/src/EloquentModelBuilder.php(41): Krlove\\EloquentModelGenerator\\Processor\\ExistenceCheckerProcessor->process(Object(Krlove\\EloquentModelGenerator\\Model\\EloquentModel), Object(Krlove\\EloquentModelGenerator\\Config))
#10 /mnt/d/Projects/Sipos/vendor/krlove/eloquent-model-generator/src/Generator.php(44): Krlove\\EloquentModelGenerator\\EloquentModelBuilder->createModel(Object(Krlove\\EloquentModelGenerator\\Config))
#11 /mnt/d/Projects/Sipos/vendor/krlove/eloquent-model-generator/src/Command/GenerateModelCommand.php(53): Krlove\\EloquentModelGenerator\\Generator->generateModel(Object(Krlove\\EloquentModelGenerator\\Config))
#12 /mnt/d/Projects/Sipos/vendor/krlove/eloquent-model-generator/src/Command/GenerateModelCommand.php(63): Krlove\\EloquentModelGenerator\\Command\\GenerateModelCommand->fire()
#13 [internal function]: Krlove\\EloquentModelGenerator\\Command\\GenerateModelCommand->handle()
#14 /mnt/d/Projects/Sipos/vendor/laravel/framework/src/Illuminate/Container/BoundMethod.php(29): call_user_func_array(Array, Array)
#15 /mnt/d/Projects/Sipos/vendor/laravel/framework/src/Illuminate/Container/BoundMethod.php(87): Illuminate\\Container\\BoundMethod::Illuminate\\Container\\{closure}()
#16 /mnt/d/Projects/Sipos/vendor/laravel/framework/src/Illuminate/Container/BoundMethod.php(31): Illuminate\\Container\\BoundMethod::callBoundMethod(Object(Illuminate\\Foundation\\Application), Array, Object(Closure))
#17 /mnt/d/Projects/Sipos/vendor/laravel/framework/src/Illuminate/Container/Container.php(572): Illuminate\\Container\\BoundMethod::call(Object(Illuminate\\Foundation\\Application), Array, Array, NULL)
#18 /mnt/d/Projects/Sipos/vendor/laravel/framework/src/Illuminate/Console/Command.php(183): Illuminate\\Container\\Container->call(Array)
#19 /mnt/d/Projects/Sipos/vendor/symfony/console/Command/Command.php(255): Illuminate\\Console\\Command->execute(Object(Symfony\\Component\\Console\\Input\\ArgvInput), Object(Illuminate\\Console\\OutputStyle))
#20 /mnt/d/Projects/Sipos/vendor/laravel/framework/src/Illuminate/Console/Command.php(170): Symfony\\Component\\Console\\Command\\Command->run(Object(Symfony\\Component\\Console\\Input\\ArgvInput), Object(Illuminate\\Console\\OutputStyle))
#21 /mnt/d/Projects/Sipos/vendor/symfony/console/Application.php(901): Illuminate\\Console\\Command->run(Object(Symfony\\Component\\Console\\Input\\ArgvInput), Object(Symfony\\Component\\Console\\Output\\ConsoleOutput))
#22 /mnt/d/Projects/Sipos/vendor/symfony/console/Application.php(262): Symfony\\Component\\Console\\Application->doRunCommand(Object(Krlove\\EloquentModelGenerator\\Command\\GenerateModelCommand), Object(Symfony\\Component\\Console\\Input\\ArgvInput), Object(Symfony\\Component\\Console\\Output\\ConsoleOutput))
#23 /mnt/d/Projects/Sipos/vendor/symfony/console/Application.php(145): Symfony\\Component\\Console\\Application->doRun(Object(Symfony\\Component\\Console\\Input\\ArgvInput), Object(Symfony\\Component\\Console\\Output\\ConsoleOutput))
#24 /mnt/d/Projects/Sipos/vendor/laravel/framework/src/Illuminate/Console/Application.php(89): Symfony\\Component\\Console\\Application->run(Object(Symfony\\Component\\Console\\Input\\ArgvInput), Object(Symfony\\Component\\Console\\Output\\ConsoleOutput))
#25 /mnt/d/Projects/Sipos/vendor/laravel/framework/src/Illuminate/Foundation/Console/Kernel.php(122): Illuminate\\Console\\Application->run(Object(Symfony\\Component\\Console\\Input\\ArgvInput), Object(Symfony\\Component\\Console\\Output\\ConsoleOutput))
#26 /mnt/d/Projects/Sipos/artisan(37): Illuminate\\Foundation\\Console\\Kernel->handle(Object(Symfony\\Component\\Console\\Input\\ArgvInput), Object(Symfony\\Component\\Console\\Output\\ConsoleOutput))
#27 {main}
"} 
[2019-01-06 16:36:22] local.ERROR: could not find driver {"exception":"[object] (Doctrine\\DBAL\\Driver\\PDOException(code: 0): could not find driver at /mnt/d/Projects/Sipos/vendor/doctrine/dbal/lib/Doctrine/DBAL/Driver/PDOConnection.php:31, PDOException(code: 0): could not find driver at /mnt/d/Projects/Sipos/vendor/doctrine/dbal/lib/Doctrine/DBAL/Driver/PDOConnection.php:27)
[stacktrace]
#0 /mnt/d/Projects/Sipos/vendor/laravel/framework/src/Illuminate/Database/Connectors/Connector.php(67): Doctrine\\DBAL\\Driver\\PDOConnection->__construct('mysql:host=127....', 'root', '', Array)
#1 /mnt/d/Projects/Sipos/vendor/laravel/framework/src/Illuminate/Database/Connectors/Connector.php(46): Illuminate\\Database\\Connectors\\Connector->createPdoConnection('mysql:host=127....', 'root', '', Array)
#2 /mnt/d/Projects/Sipos/vendor/laravel/framework/src/Illuminate/Database/Connectors/MySqlConnector.php(24): Illuminate\\Database\\Connectors\\Connector->createConnection('mysql:host=127....', Array, Array)
#3 /mnt/d/Projects/Sipos/vendor/laravel/framework/src/Illuminate/Database/Connectors/ConnectionFactory.php(182): Illuminate\\Database\\Connectors\\MySqlConnector->connect(Array)
#4 [internal function]: Illuminate\\Database\\Connectors\\ConnectionFactory->Illuminate\\Database\\Connectors\\{closure}()
#5 /mnt/d/Projects/Sipos/vendor/laravel/framework/src/Illuminate/Database/Connection.php(916): call_user_func(Object(Closure))
#6 /mnt/d/Projects/Sipos/vendor/laravel/framework/src/Illuminate/Database/Connection.php(899): Illuminate\\Database\\Connection->getPdo()
#7 /mnt/d/Projects/Sipos/vendor/laravel/framework/src/Illuminate/Database/Connection.php(885): Illuminate\\Database\\Connection->getDoctrineConnection()
#8 /mnt/d/Projects/Sipos/vendor/krlove/eloquent-model-generator/src/Processor/ExistenceCheckerProcessor.php(35): Illuminate\\Database\\Connection->getDoctrineSchemaManager()
#9 /mnt/d/Projects/Sipos/vendor/krlove/eloquent-model-generator/src/EloquentModelBuilder.php(41): Krlove\\EloquentModelGenerator\\Processor\\ExistenceCheckerProcessor->process(Object(Krlove\\EloquentModelGenerator\\Model\\EloquentModel), Object(Krlove\\EloquentModelGenerator\\Config))
#10 /mnt/d/Projects/Sipos/vendor/krlove/eloquent-model-generator/src/Generator.php(44): Krlove\\EloquentModelGenerator\\EloquentModelBuilder->createModel(Object(Krlove\\EloquentModelGenerator\\Config))
#11 /mnt/d/Projects/Sipos/vendor/krlove/eloquent-model-generator/src/Command/GenerateModelCommand.php(53): Krlove\\EloquentModelGenerator\\Generator->generateModel(Object(Krlove\\EloquentModelGenerator\\Config))
#12 /mnt/d/Projects/Sipos/vendor/krlove/eloquent-model-generator/src/Command/GenerateModelCommand.php(63): Krlove\\EloquentModelGenerator\\Command\\GenerateModelCommand->fire()
#13 [internal function]: Krlove\\EloquentModelGenerator\\Command\\GenerateModelCommand->handle()
#14 /mnt/d/Projects/Sipos/vendor/laravel/framework/src/Illuminate/Container/BoundMethod.php(29): call_user_func_array(Array, Array)
#15 /mnt/d/Projects/Sipos/vendor/laravel/framework/src/Illuminate/Container/BoundMethod.php(87): Illuminate\\Container\\BoundMethod::Illuminate\\Container\\{closure}()
#16 /mnt/d/Projects/Sipos/vendor/laravel/framework/src/Illuminate/Container/BoundMethod.php(31): Illuminate\\Container\\BoundMethod::callBoundMethod(Object(Illuminate\\Foundation\\Application), Array, Object(Closure))
#17 /mnt/d/Projects/Sipos/vendor/laravel/framework/src/Illuminate/Container/Container.php(572): Illuminate\\Container\\BoundMethod::call(Object(Illuminate\\Foundation\\Application), Array, Array, NULL)
#18 /mnt/d/Projects/Sipos/vendor/laravel/framework/src/Illuminate/Console/Command.php(183): Illuminate\\Container\\Container->call(Array)
#19 /mnt/d/Projects/Sipos/vendor/symfony/console/Command/Command.php(255): Illuminate\\Console\\Command->execute(Object(Symfony\\Component\\Console\\Input\\ArgvInput), Object(Illuminate\\Console\\OutputStyle))
#20 /mnt/d/Projects/Sipos/vendor/laravel/framework/src/Illuminate/Console/Command.php(170): Symfony\\Component\\Console\\Command\\Command->run(Object(Symfony\\Component\\Console\\Input\\ArgvInput), Object(Illuminate\\Console\\OutputStyle))
#21 /mnt/d/Projects/Sipos/vendor/symfony/console/Application.php(901): Illuminate\\Console\\Command->run(Object(Symfony\\Component\\Console\\Input\\ArgvInput), Object(Symfony\\Component\\Console\\Output\\ConsoleOutput))
#22 /mnt/d/Projects/Sipos/vendor/symfony/console/Application.php(262): Symfony\\Component\\Console\\Application->doRunCommand(Object(Krlove\\EloquentModelGenerator\\Command\\GenerateModelCommand), Object(Symfony\\Component\\Console\\Input\\ArgvInput), Object(Symfony\\Component\\Console\\Output\\ConsoleOutput))
#23 /mnt/d/Projects/Sipos/vendor/symfony/console/Application.php(145): Symfony\\Component\\Console\\Application->doRun(Object(Symfony\\Component\\Console\\Input\\ArgvInput), Object(Symfony\\Component\\Console\\Output\\ConsoleOutput))
#24 /mnt/d/Projects/Sipos/vendor/laravel/framework/src/Illuminate/Console/Application.php(89): Symfony\\Component\\Console\\Application->run(Object(Symfony\\Component\\Console\\Input\\ArgvInput), Object(Symfony\\Component\\Console\\Output\\ConsoleOutput))
#25 /mnt/d/Projects/Sipos/vendor/laravel/framework/src/Illuminate/Foundation/Console/Kernel.php(122): Illuminate\\Console\\Application->run(Object(Symfony\\Component\\Console\\Input\\ArgvInput), Object(Symfony\\Component\\Console\\Output\\ConsoleOutput))
#26 /mnt/d/Projects/Sipos/artisan(37): Illuminate\\Foundation\\Console\\Kernel->handle(Object(Symfony\\Component\\Console\\Input\\ArgvInput), Object(Symfony\\Component\\Console\\Output\\ConsoleOutput))
#27 {main}
"} 
[2019-01-06 16:36:26] local.ERROR: could not find driver {"exception":"[object] (Doctrine\\DBAL\\Driver\\PDOException(code: 0): could not find driver at /mnt/d/Projects/Sipos/vendor/doctrine/dbal/lib/Doctrine/DBAL/Driver/PDOConnection.php:31, PDOException(code: 0): could not find driver at /mnt/d/Projects/Sipos/vendor/doctrine/dbal/lib/Doctrine/DBAL/Driver/PDOConnection.php:27)
[stacktrace]
#0 /mnt/d/Projects/Sipos/vendor/laravel/framework/src/Illuminate/Database/Connectors/Connector.php(67): Doctrine\\DBAL\\Driver\\PDOConnection->__construct('mysql:host=127....', 'root', '', Array)
#1 /mnt/d/Projects/Sipos/vendor/laravel/framework/src/Illuminate/Database/Connectors/Connector.php(46): Illuminate\\Database\\Connectors\\Connector->createPdoConnection('mysql:host=127....', 'root', '', Array)
#2 /mnt/d/Projects/Sipos/vendor/laravel/framework/src/Illuminate/Database/Connectors/MySqlConnector.php(24): Illuminate\\Database\\Connectors\\Connector->createConnection('mysql:host=127....', Array, Array)
#3 /mnt/d/Projects/Sipos/vendor/laravel/framework/src/Illuminate/Database/Connectors/ConnectionFactory.php(182): Illuminate\\Database\\Connectors\\MySqlConnector->connect(Array)
#4 [internal function]: Illuminate\\Database\\Connectors\\ConnectionFactory->Illuminate\\Database\\Connectors\\{closure}()
#5 /mnt/d/Projects/Sipos/vendor/laravel/framework/src/Illuminate/Database/Connection.php(916): call_user_func(Object(Closure))
#6 /mnt/d/Projects/Sipos/vendor/laravel/framework/src/Illuminate/Database/Connection.php(899): Illuminate\\Database\\Connection->getPdo()
#7 /mnt/d/Projects/Sipos/vendor/laravel/framework/src/Illuminate/Database/Connection.php(885): Illuminate\\Database\\Connection->getDoctrineConnection()
#8 /mnt/d/Projects/Sipos/vendor/krlove/eloquent-model-generator/src/Processor/ExistenceCheckerProcessor.php(35): Illuminate\\Database\\Connection->getDoctrineSchemaManager()
#9 /mnt/d/Projects/Sipos/vendor/krlove/eloquent-model-generator/src/EloquentModelBuilder.php(41): Krlove\\EloquentModelGenerator\\Processor\\ExistenceCheckerProcessor->process(Object(Krlove\\EloquentModelGenerator\\Model\\EloquentModel), Object(Krlove\\EloquentModelGenerator\\Config))
#10 /mnt/d/Projects/Sipos/vendor/krlove/eloquent-model-generator/src/Generator.php(44): Krlove\\EloquentModelGenerator\\EloquentModelBuilder->createModel(Object(Krlove\\EloquentModelGenerator\\Config))
#11 /mnt/d/Projects/Sipos/vendor/krlove/eloquent-model-generator/src/Command/GenerateModelCommand.php(53): Krlove\\EloquentModelGenerator\\Generator->generateModel(Object(Krlove\\EloquentModelGenerator\\Config))
#12 /mnt/d/Projects/Sipos/vendor/krlove/eloquent-model-generator/src/Command/GenerateModelCommand.php(63): Krlove\\EloquentModelGenerator\\Command\\GenerateModelCommand->fire()
#13 [internal function]: Krlove\\EloquentModelGenerator\\Command\\GenerateModelCommand->handle()
#14 /mnt/d/Projects/Sipos/vendor/laravel/framework/src/Illuminate/Container/BoundMethod.php(29): call_user_func_array(Array, Array)
#15 /mnt/d/Projects/Sipos/vendor/laravel/framework/src/Illuminate/Container/BoundMethod.php(87): Illuminate\\Container\\BoundMethod::Illuminate\\Container\\{closure}()
#16 /mnt/d/Projects/Sipos/vendor/laravel/framework/src/Illuminate/Container/BoundMethod.php(31): Illuminate\\Container\\BoundMethod::callBoundMethod(Object(Illuminate\\Foundation\\Application), Array, Object(Closure))
#17 /mnt/d/Projects/Sipos/vendor/laravel/framework/src/Illuminate/Container/Container.php(572): Illuminate\\Container\\BoundMethod::call(Object(Illuminate\\Foundation\\Application), Array, Array, NULL)
#18 /mnt/d/Projects/Sipos/vendor/laravel/framework/src/Illuminate/Console/Command.php(183): Illuminate\\Container\\Container->call(Array)
#19 /mnt/d/Projects/Sipos/vendor/symfony/console/Command/Command.php(255): Illuminate\\Console\\Command->execute(Object(Symfony\\Component\\Console\\Input\\ArgvInput), Object(Illuminate\\Console\\OutputStyle))
#20 /mnt/d/Projects/Sipos/vendor/laravel/framework/src/Illuminate/Console/Command.php(170): Symfony\\Component\\Console\\Command\\Command->run(Object(Symfony\\Component\\Console\\Input\\ArgvInput), Object(Illuminate\\Console\\OutputStyle))
#21 /mnt/d/Projects/Sipos/vendor/symfony/console/Application.php(901): Illuminate\\Console\\Command->run(Object(Symfony\\Component\\Console\\Input\\ArgvInput), Object(Symfony\\Component\\Console\\Output\\ConsoleOutput))
#22 /mnt/d/Projects/Sipos/vendor/symfony/console/Application.php(262): Symfony\\Component\\Console\\Application->doRunCommand(Object(Krlove\\EloquentModelGenerator\\Command\\GenerateModelCommand), Object(Symfony\\Component\\Console\\Input\\ArgvInput), Object(Symfony\\Component\\Console\\Output\\ConsoleOutput))
#23 /mnt/d/Projects/Sipos/vendor/symfony/console/Application.php(145): Symfony\\Component\\Console\\Application->doRun(Object(Symfony\\Component\\Console\\Input\\ArgvInput), Object(Symfony\\Component\\Console\\Output\\ConsoleOutput))
#24 /mnt/d/Projects/Sipos/vendor/laravel/framework/src/Illuminate/Console/Application.php(89): Symfony\\Component\\Console\\Application->run(Object(Symfony\\Component\\Console\\Input\\ArgvInput), Object(Symfony\\Component\\Console\\Output\\ConsoleOutput))
#25 /mnt/d/Projects/Sipos/vendor/laravel/framework/src/Illuminate/Foundation/Console/Kernel.php(122): Illuminate\\Console\\Application->run(Object(Symfony\\Component\\Console\\Input\\ArgvInput), Object(Symfony\\Component\\Console\\Output\\ConsoleOutput))
#26 /mnt/d/Projects/Sipos/artisan(37): Illuminate\\Foundation\\Console\\Kernel->handle(Object(Symfony\\Component\\Console\\Input\\ArgvInput), Object(Symfony\\Component\\Console\\Output\\ConsoleOutput))
#27 {main}
"} 
